(0000) 3000  0011000000000000 (  21)                 .ORIG x3000
(3000) A00E  1010000000001110 (  22)                 LDI   R0 X
(3001) A20E  1010001000001110 (  23)                 LDI   R1 Y
(3002) 4811  0100100000010001 (  24)                 JSR   MULT
(3003) B40D  1011010000001101 (  25)                 STI   R2 PRODUCT
(3004) A00A  1010000000001010 (  26)                 LDI   R0 X
(3005) A20A  1010001000001010 (  27)                 LDI   R1 Y
(3006) 4830  0100100000110000 (  28)                 JSR   DIV
(3007) 14A0  0001010010100000 (  29)                 ADD   R2 R2 #0
(3008) 0203  0000001000000011 (  30)                 BRP   PROCEED1
(3009) B408  1011010000001000 (  31)                 STI   R2 QUOTIENT
(300A) B408  1011010000001000 (  32)                 STI   R2 MODULUS
(300B) 0E02  0000111000000010 (  33)                 BRNZP PROCEED2
(300C) B605  1011011000000101 (  34) PROCEED1        STI   R3 QUOTIENT
(300D) B805  1011100000000101 (  35)                 STI   R4 MODULUS
(300E) F025  1111000000100101 (  36) PROCEED2        TRAP  x25
(300F) 3100  0011000100000000 (  38) X               .FILL x3100
(3010) 3101  0011000100000001 (  39) Y               .FILL x3101
(3011) 3102  0011000100000010 (  40) PRODUCT         .FILL x3102
(3012) 3103  0011000100000011 (  41) QUOTIENT        .FILL x3103
(3013) 3104  0011000100000100 (  42) MODULUS         .FILL x3104
(3014) 1921  0001100100100001 (  44) MULT            ADD   R4 R4 #1
(3015) 1020  0001000000100000 (  45)                 ADD   R0 R0 #0
(3016) 0604  0000011000000100 (  46)                 BRZP  CONTINUE1
(3017) 903F  1001000000111111 (  47)                 NOT   R0 R0
(3018) 1021  0001000000100001 (  48)                 ADD   R0 R0 #1
(3019) 193F  0001100100111111 (  49)                 ADD   R4 R4 #-1
(301A) 0E04  0000111000000100 (  50)                 BRNZP CONTINUE2
(301B) 0203  0000001000000011 (  51) CONTINUE1       BRP   CONTINUE2
(301C) 54A0  0101010010100000 (  52)                 AND   R2 R2 #0
(301D) A1F1  1010000111110001 (  53)                 LDI   R0 X
(301E) C1C0  1100000111000000 (  54)                 RET   
(301F) 1260  0001001001100000 (  55) CONTINUE2       ADD   R1 R1 #0
(3020) 0604  0000011000000100 (  56)                 BRZP  CONTINUE3
(3021) 927F  1001001001111111 (  57)                 NOT   R1 R1
(3022) 1261  0001001001100001 (  58)                 ADD   R1 R1 #1
(3023) 193F  0001100100111111 (  59)                 ADD   R4 R4 #-1
(3024) 0E04  0000111000000100 (  60)                 BRNZP CONTINUE4
(3025) 0203  0000001000000011 (  61) CONTINUE3       BRP   CONTINUE4
(3026) 54A0  0101010010100000 (  62)                 AND   R2 R2 #0
(3027) A3E8  1010001111101000 (  63)                 LDI   R1 Y
(3028) C1C0  1100000111000000 (  64)                 RET   
(3029) 1260  0001001001100000 (  65) CONTINUE4       ADD   R1 R1 #0
(302A) 0404  0000010000000100 (  66) LOOP1           BRZ   CONTINUE5
(302B) 1480  0001010010000000 (  67)                 ADD   R2 R2 R0
(302C) 127F  0001001001111111 (  68)                 ADD   R1 R1 #-1
(302D) 0FFC  0000111111111100 (  69)                 BRNZP LOOP1
(302E) C1C0  1100000111000000 (  70)                 RET   
(302F) 1920  0001100100100000 (  71) CONTINUE5       ADD   R4 R4 #0
(3030) 0A05  0000101000000101 (  72)                 BRNP  CONTINUE6
(3031) 94BF  1001010010111111 (  73)                 NOT   R2 R2
(3032) 14A1  0001010010100001 (  74)                 ADD   R2 R2 #1
(3033) A1DB  1010000111011011 (  75)                 LDI   R0 X
(3034) A3DB  1010001111011011 (  76)                 LDI   R1 Y
(3035) C1C0  1100000111000000 (  77)                 RET   
(3036) C1C0  1100000111000000 (  78) CONTINUE6       RET   
(3037) 56E0  0101011011100000 (  80) DIV             AND   R3 R3 #0
(3038) 5920  0101100100100000 (  81)                 AND   R4 R4 #0
(3039) 54A0  0101010010100000 (  82)                 AND   R2 R2 #0
(303A) 1020  0001000000100000 (  83)                 ADD   R0 R0 #0
(303B) 0803  0000100000000011 (  84)                 BRN   CONTINUE7
(303C) 1260  0001001001100000 (  85)                 ADD   R1 R1 #0
(303D) 0C02  0000110000000010 (  86)                 BRNZ  CONTINUE8
(303E) 0E02  0000111000000010 (  87)                 BRNZP CONTINUE9
(303F) C1C0  1100000111000000 (  88) CONTINUE7       RET   
(3040) C1C0  1100000111000000 (  89) CONTINUE8       RET   
(3041) 14A1  0001010010100001 (  90) CONTINUE9       ADD   R2 R2 #1
(3042) 1820  0001100000100000 (  91)                 ADD   R4 R0 #0
(3043) 927F  1001001001111111 (  92)                 NOT   R1 R1
(3044) 1261  0001001001100001 (  93)                 ADD   R1 R1 #1
(3045) 1901  0001100100000001 (  94)                 ADD   R4 R4 R1
(3046) 1920  0001100100100000 (  95) LOOP2           ADD   R4 R4 #0
(3047) 0603  0000011000000011 (  96)                 BRZP  CONTINUE10
(3048) A3C7  1010001111000111 (  97)                 LDI   R1 Y
(3049) 1901  0001100100000001 (  98)                 ADD   R4 R4 R1
(304A) C1C0  1100000111000000 (  99)                 RET   
(304B) 1901  0001100100000001 ( 100) CONTINUE10      ADD   R4 R4 R1
(304C) 16E1  0001011011100001 ( 101)                 ADD   R3 R3 #1
(304D) 0FF8  0000111111111000 ( 102)                 BRNZP LOOP2
