(0000) 3000  0011000000000000 (  15)                 .ORIG x3000
(3000) A01D  1010000000011101 (  16)                 LDI   R0 X
(3001) A21D  1010001000011101 (  17)                 LDI   R1 Y
(3002) 947F  1001010001111111 (  19)                 NOT   R2 R1
(3003) 14A1  0001010010100001 (  20)                 ADD   R2 R2 #1
(3004) 1402  0001010000000010 (  21)                 ADD   R2 R0 R2
(3005) B41A  1011010000011010 (  22)                 STI   R2 X_Y
(3006) 1620  0001011000100000 (  24)                 ADD   R3 R0 #0
(3007) 0603  0000011000000011 (  25)                 BRZP  ZP1
(3008) 96FF  1001011011111111 (  26)                 NOT   R3 R3
(3009) 16E1  0001011011100001 (  27)                 ADD   R3 R3 #1
(300A) B616  1011011000010110 (  28)                 STI   R3 absX
(300B) B615  1011011000010101 (  29) ZP1             STI   R3 absX
(300C) 1860  0001100001100000 (  31)                 ADD   R4 R1 #0
(300D) 0603  0000011000000011 (  32)                 BRZP  ZP2
(300E) 993F  1001100100111111 (  33)                 NOT   R4 R4
(300F) 1921  0001100100100001 (  34)                 ADD   R4 R4 #1
(3010) B811  1011100000010001 (  35)                 STI   R4 absY
(3011) B810  1011100000010000 (  36) ZP2             STI   R4 absY
(3012) 5DA1  0101110110100001 (  38)                 AND   R6 R6 #1
(3013) 9B3F  1001101100111111 (  39)                 NOT   R5 R4
(3014) 1B61  0001101101100001 (  40)                 ADD   R5 R5 #1
(3015) 1AC5  0001101011000101 (  41)                 ADD   R5 R3 R5
(3016) 0404  0000010000000100 (  43)                 BRZ   ZERO
(3017) 0202  0000001000000010 (  44)                 BRP   POS
(3018) 0800  0000100000000000 (  45)                 BRN   NEG
(3019) 1DA1  0001110110100001 (  46) NEG             ADD   R6 R6 #1
(301A) 1DA1  0001110110100001 (  47) POS             ADD   R6 R6 #1
(301B) 1DA0  0001110110100000 (  48) ZERO            ADD   R6 R6 #0
(301C) BC06  1011110000000110 (  49)                 STI   R6 Z
(301D) F025  1111000000100101 (  50)                 TRAP  x25
(301E) 3120  0011000100100000 (  51) X               .FILL x3120
(301F) 3121  0011000100100001 (  52) Y               .FILL x3121
(3020) 3122  0011000100100010 (  53) X_Y             .FILL x3122
(3021) 3123  0011000100100011 (  54) absX            .FILL x3123
(3022) 3124  0011000100100100 (  55) absY            .FILL x3124
(3023) 3125  0011000100100101 (  56) Z               .FILL x3125
