(0000) 3000  0011000000000000 (  16)                 .ORIG x3000
(3000) E023  1110000000100011 (  19)                 LEA   R0 HEADING1
(3001) F022  1111000000100010 (  20)                 TRAP  x22
(3002) 20B0  0010000010110000 (  21)                 LD    R0 NEWLINE
(3003) F021  1111000000100001 (  22)                 TRAP  x21
(3004) E027  1110000000100111 (  23)                 LEA   R0 HEADING2
(3005) F022  1111000000100010 (  24)                 TRAP  x22
(3006) 20AC  0010000010101100 (  25)                 LD    R0 NEWLINE
(3007) F021  1111000000100001 (  26)                 TRAP  x21
(3008) E035  1110000000110101 (  29)                 LEA   R0 PROMPT
(3009) F022  1111000000100010 (  30)                 TRAP  x22
(300A) 20A8  0010000010101000 (  31)                 LD    R0 NEWLINE
(300B) F021  1111000000100001 (  32)                 TRAP  x21
(300C) F023  1111000000100011 (  34) RESTART         TRAP  x23
(300D) 1620  0001011000100000 (  36)                 ADD   R3 R0 #0
(300E) 16F0  0001011011110000 (  37)                 ADD   R3 R3 #-16
(300F) 16F0  0001011011110000 (  38)                 ADD   R3 R3 #-16
(3010) 16F0  0001011011110000 (  39)                 ADD   R3 R3 #-16
(3011) 0601  0000011000000001 (  40)                 BRZP  ZP
(3012) F025  1111000000100101 (  41)                 TRAP  x25
(3013) 5FE0  0101111111100000 (  42) ZP              AND   R7 R7 #0
(3014) 1FE6  0001111111100110 (  43)                 ADD   R7 R7 #6
(3015) 9FFF  1001111111111111 (  44)                 NOT   R7 R7
(3016) 1FE1  0001111111100001 (  45)                 ADD   R7 R7 #1
(3017) 1CC7  0001110011000111 (  46)                 ADD   R6 R3 R7
(3018) 0C01  0000110000000001 (  47)                 BRNZ  CONT
(3019) F025  1111000000100101 (  48)                 TRAP  x25
(301A) E052  1110000001010010 (  49) CONT            LEA   R0 DAYS
(301B) 16E0  0001011011100000 (  50)                 ADD   R3 R3 #0
(301C) 0403  0000010000000011 (  51) LOOP            BRZ   DISPLAY
(301D) 102A  0001000000101010 (  52)                 ADD   R0 R0 #10
(301E) 16FF  0001011011111111 (  53)                 ADD   R3 R3 #-1
(301F) 0FFC  0000111111111100 (  54)                 BRNZP LOOP
(3020) F022  1111000000100010 (  55) DISPLAY         TRAP  x22
(3021) 2091  0010000010010001 (  56)                 LD    R0 NEWLINE
(3022) F021  1111000000100001 (  57)                 TRAP  x21
(3023) 0FE8  0000111111101000 (  58)                 BRNZP RESTART
(3024) 0009  0000000000001001 (  59) HEADING1        .FILL x0009
(3025) 0009  0000000000001001 (  59)                 .FILL x0009
(3026) 004C  0000000001001100 (  59)                 .FILL x004C
(3027) 0041  0000000001000001 (  59)                 .FILL x0041
(3028) 0042  0000000001000010 (  59)                 .FILL x0042
(3029) 0020  0000000000100000 (  59)                 .FILL x0020
(302A) 0033  0000000000110011 (  59)                 .FILL x0033
(302B) 0000  0000000000000000 (  59)                 .FILL x0000
(302C) 0009  0000000000001001 (  60) HEADING2        .FILL x0009
(302D) 0044  0000000001000100 (  60)                 .FILL x0044
(302E) 0041  0000000001000001 (  60)                 .FILL x0041
(302F) 0059  0000000001011001 (  60)                 .FILL x0059
(3030) 0053  0000000001010011 (  60)                 .FILL x0053
(3031) 0020  0000000000100000 (  60)                 .FILL x0020
(3032) 004F  0000000001001111 (  60)                 .FILL x004F
(3033) 0046  0000000001000110 (  60)                 .FILL x0046
(3034) 0020  0000000000100000 (  60)                 .FILL x0020
(3035) 0054  0000000001010100 (  60)                 .FILL x0054
(3036) 0048  0000000001001000 (  60)                 .FILL x0048
(3037) 0045  0000000001000101 (  60)                 .FILL x0045
(3038) 0020  0000000000100000 (  60)                 .FILL x0020
(3039) 0057  0000000001010111 (  60)                 .FILL x0057
(303A) 0045  0000000001000101 (  60)                 .FILL x0045
(303B) 0045  0000000001000101 (  60)                 .FILL x0045
(303C) 004B  0000000001001011 (  60)                 .FILL x004B
(303D) 0000  0000000000000000 (  60)                 .FILL x0000
(303E) 002A  0000000000101010 (  61) PROMPT          .FILL x002A
(303F) 0049  0000000001001001 (  61)                 .FILL x0049
(3040) 006E  0000000001101110 (  61)                 .FILL x006E
(3041) 0070  0000000001110000 (  61)                 .FILL x0070
(3042) 0075  0000000001110101 (  61)                 .FILL x0075
(3043) 0074  0000000001110100 (  61)                 .FILL x0074
(3044) 0020  0000000000100000 (  61)                 .FILL x0020
(3045) 0069  0000000001101001 (  61)                 .FILL x0069
(3046) 006E  0000000001101110 (  61)                 .FILL x006E
(3047) 0074  0000000001110100 (  61)                 .FILL x0074
(3048) 0065  0000000001100101 (  61)                 .FILL x0065
(3049) 0067  0000000001100111 (  61)                 .FILL x0067
(304A) 0065  0000000001100101 (  61)                 .FILL x0065
(304B) 0072  0000000001110010 (  61)                 .FILL x0072
(304C) 0020  0000000000100000 (  61)                 .FILL x0020
(304D) 0030  0000000000110000 (  61)                 .FILL x0030
(304E) 002D  0000000000101101 (  61)                 .FILL x002D
(304F) 0036  0000000000110110 (  61)                 .FILL x0036
(3050) 0020  0000000000100000 (  61)                 .FILL x0020
(3051) 0074  0000000001110100 (  61)                 .FILL x0074
(3052) 006F  0000000001101111 (  61)                 .FILL x006F
(3053) 0020  0000000000100000 (  61)                 .FILL x0020
(3054) 006F  0000000001101111 (  61)                 .FILL x006F
(3055) 0075  0000000001110101 (  61)                 .FILL x0075
(3056) 0074  0000000001110100 (  61)                 .FILL x0074
(3057) 0070  0000000001110000 (  61)                 .FILL x0070
(3058) 0075  0000000001110101 (  61)                 .FILL x0075
(3059) 0074  0000000001110100 (  61)                 .FILL x0074
(305A) 0020  0000000000100000 (  61)                 .FILL x0020
(305B) 0063  0000000001100011 (  61)                 .FILL x0063
(305C) 006F  0000000001101111 (  61)                 .FILL x006F
(305D) 0072  0000000001110010 (  61)                 .FILL x0072
(305E) 0072  0000000001110010 (  61)                 .FILL x0072
(305F) 0065  0000000001100101 (  61)                 .FILL x0065
(3060) 0073  0000000001110011 (  61)                 .FILL x0073
(3061) 0070  0000000001110000 (  61)                 .FILL x0070
(3062) 006F  0000000001101111 (  61)                 .FILL x006F
(3063) 006E  0000000001101110 (  61)                 .FILL x006E
(3064) 0064  0000000001100100 (  61)                 .FILL x0064
(3065) 0069  0000000001101001 (  61)                 .FILL x0069
(3066) 006E  0000000001101110 (  61)                 .FILL x006E
(3067) 0067  0000000001100111 (  61)                 .FILL x0067
(3068) 0020  0000000000100000 (  61)                 .FILL x0020
(3069) 0064  0000000001100100 (  61)                 .FILL x0064
(306A) 0061  0000000001100001 (  61)                 .FILL x0061
(306B) 0079  0000000001111001 (  61)                 .FILL x0079
(306C) 0000  0000000000000000 (  61)                 .FILL x0000
(306D) 0053  0000000001010011 (  62) DAYS            .FILL x0053
(306E) 0075  0000000001110101 (  62)                 .FILL x0075
(306F) 006E  0000000001101110 (  62)                 .FILL x006E
(3070) 0064  0000000001100100 (  62)                 .FILL x0064
(3071) 0061  0000000001100001 (  62)                 .FILL x0061
(3072) 0079  0000000001111001 (  62)                 .FILL x0079
(3073) 0020  0000000000100000 (  62)                 .FILL x0020
(3074) 0020  0000000000100000 (  62)                 .FILL x0020
(3075) 0020  0000000000100000 (  62)                 .FILL x0020
(3076) 0000  0000000000000000 (  62)                 .FILL x0000
(3077) 004D  0000000001001101 (  63)                 .FILL x004D
(3078) 006F  0000000001101111 (  63)                 .FILL x006F
(3079) 006E  0000000001101110 (  63)                 .FILL x006E
(307A) 0064  0000000001100100 (  63)                 .FILL x0064
(307B) 0061  0000000001100001 (  63)                 .FILL x0061
(307C) 0079  0000000001111001 (  63)                 .FILL x0079
(307D) 0020  0000000000100000 (  63)                 .FILL x0020
(307E) 0020  0000000000100000 (  63)                 .FILL x0020
(307F) 0020  0000000000100000 (  63)                 .FILL x0020
(3080) 0000  0000000000000000 (  63)                 .FILL x0000
(3081) 0054  0000000001010100 (  64)                 .FILL x0054
(3082) 0075  0000000001110101 (  64)                 .FILL x0075
(3083) 0065  0000000001100101 (  64)                 .FILL x0065
(3084) 0073  0000000001110011 (  64)                 .FILL x0073
(3085) 0064  0000000001100100 (  64)                 .FILL x0064
(3086) 0061  0000000001100001 (  64)                 .FILL x0061
(3087) 0079  0000000001111001 (  64)                 .FILL x0079
(3088) 0020  0000000000100000 (  64)                 .FILL x0020
(3089) 0020  0000000000100000 (  64)                 .FILL x0020
(308A) 0000  0000000000000000 (  64)                 .FILL x0000
(308B) 0057  0000000001010111 (  65)                 .FILL x0057
(308C) 0065  0000000001100101 (  65)                 .FILL x0065
(308D) 0064  0000000001100100 (  65)                 .FILL x0064
(308E) 006E  0000000001101110 (  65)                 .FILL x006E
(308F) 0065  0000000001100101 (  65)                 .FILL x0065
(3090) 0073  0000000001110011 (  65)                 .FILL x0073
(3091) 0064  0000000001100100 (  65)                 .FILL x0064
(3092) 0061  0000000001100001 (  65)                 .FILL x0061
(3093) 0079  0000000001111001 (  65)                 .FILL x0079
(3094) 0000  0000000000000000 (  65)                 .FILL x0000
(3095) 0054  0000000001010100 (  66)                 .FILL x0054
(3096) 0068  0000000001101000 (  66)                 .FILL x0068
(3097) 0075  0000000001110101 (  66)                 .FILL x0075
(3098) 0072  0000000001110010 (  66)                 .FILL x0072
(3099) 0073  0000000001110011 (  66)                 .FILL x0073
(309A) 0064  0000000001100100 (  66)                 .FILL x0064
(309B) 0061  0000000001100001 (  66)                 .FILL x0061
(309C) 0079  0000000001111001 (  66)                 .FILL x0079
(309D) 0020  0000000000100000 (  66)                 .FILL x0020
(309E) 0000  0000000000000000 (  66)                 .FILL x0000
(309F) 0046  0000000001000110 (  67)                 .FILL x0046
(30A0) 0072  0000000001110010 (  67)                 .FILL x0072
(30A1) 0069  0000000001101001 (  67)                 .FILL x0069
(30A2) 0064  0000000001100100 (  67)                 .FILL x0064
(30A3) 0061  0000000001100001 (  67)                 .FILL x0061
(30A4) 0079  0000000001111001 (  67)                 .FILL x0079
(30A5) 0020  0000000000100000 (  67)                 .FILL x0020
(30A6) 0020  0000000000100000 (  67)                 .FILL x0020
(30A7) 0020  0000000000100000 (  67)                 .FILL x0020
(30A8) 0000  0000000000000000 (  67)                 .FILL x0000
(30A9) 0053  0000000001010011 (  68)                 .FILL x0053
(30AA) 0061  0000000001100001 (  68)                 .FILL x0061
(30AB) 0074  0000000001110100 (  68)                 .FILL x0074
(30AC) 0075  0000000001110101 (  68)                 .FILL x0075
(30AD) 0072  0000000001110010 (  68)                 .FILL x0072
(30AE) 0064  0000000001100100 (  68)                 .FILL x0064
(30AF) 0061  0000000001100001 (  68)                 .FILL x0061
(30B0) 0079  0000000001111001 (  68)                 .FILL x0079
(30B1) 0020  0000000000100000 (  68)                 .FILL x0020
(30B2) 0000  0000000000000000 (  68)                 .FILL x0000
(30B3) 000A  0000000000001010 (  69) NEWLINE         .FILL x000A
