(0000) 3000  0011000000000000 (   2)                 .ORIG x3000
(3000) A05B  1010000001011011 (   5)                 LDI   R0 MONTH
(3001) A25B  1010001001011011 (   6)                 LDI   R1 DATE
(3002) A45B  1010010001011011 (   7)                 LDI   R2 YEAR
(3003) 163E  0001011000111110 (  11)                 ADD   R3 R0 #-2
(3004) 0C02  0000110000000010 (  12)                 BRNZ  BRANCH1
(3005) B659  1011011001011001 (  14)                 STI   R3 DAY
(3006) 0E02  0000111000000010 (  15)                 BRNZP BRANCH2
(3007) 56E0  0101011011100000 (  16) BRANCH1         AND   R3 R3 #0
(3008) 162A  0001011000101010 (  17)                 ADD   R3 R0 #10
(3009) 183E  0001100000111110 (  22) BRANCH2         ADD   R4 R0 #-2
(300A) 0C13  0000110000010011 (  24)                 BRNZ  BRANCH3
(300B) 5920  0101100100100000 (  25)                 AND   R4 R4 #0
(300C) 5020  0101000000100000 (  26)                 AND   R0 R0 #0
(300D) 1036  0001000000110110 (  27)                 ADD   R0 R0 #-10
(300E) 1036  0001000000110110 (  28)                 ADD   R0 R0 #-10
(300F) 1036  0001000000110110 (  29)                 ADD   R0 R0 #-10
(3010) 1036  0001000000110110 (  30)                 ADD   R0 R0 #-10
(3011) 1036  0001000000110110 (  31)                 ADD   R0 R0 #-10
(3012) 1036  0001000000110110 (  32)                 ADD   R0 R0 #-10
(3013) 1036  0001000000110110 (  33)                 ADD   R0 R0 #-10
(3014) 1036  0001000000110110 (  34)                 ADD   R0 R0 #-10
(3015) 1036  0001000000110110 (  35)                 ADD   R0 R0 #-10
(3016) 1036  0001000000110110 (  36)                 ADD   R0 R0 #-10
(3017) 1CA0  0001110010100000 (  37)                 ADD   R6 R2 #0
(3018) 484B  0100100001001011 (  38)                 JSR   DIV
(3019) 1BA0  0001101110100000 (  39)                 ADD   R5 R6 #0
(301A) 5DA0  0101110110100000 (  40)                 AND   R6 R6 #0
(301B) B844  1011100001000100 (  41)                 STI   R4 CENTURY
(301C) BA44  1011101001000100 (  42)                 STI   R5 DECADE
(301D) 0E3D  0000111000111101 (  43)                 BRNZP BRANCH4
(301E) 5920  0101100100100000 (  45) BRANCH3         AND   R4 R4 #0
(301F) 1ABF  0001101010111111 (  46)                 ADD   R5 R2 #-1
(3020) 54A0  0101010010100000 (  48)                 AND   R2 R2 #0
(3021) 1420  0001010000100000 (  49)                 ADD   R2 R0 #0
(3022) 5020  0101000000100000 (  50)                 AND   R0 R0 #0
(3023) 1036  0001000000110110 (  51)                 ADD   R0 R0 #-10
(3024) 1036  0001000000110110 (  52)                 ADD   R0 R0 #-10
(3025) 1036  0001000000110110 (  53)                 ADD   R0 R0 #-10
(3026) 1036  0001000000110110 (  54)                 ADD   R0 R0 #-10
(3027) 1036  0001000000110110 (  55)                 ADD   R0 R0 #-10
(3028) 1036  0001000000110110 (  56)                 ADD   R0 R0 #-10
(3029) 1036  0001000000110110 (  57)                 ADD   R0 R0 #-10
(302A) 1036  0001000000110110 (  58)                 ADD   R0 R0 #-10
(302B) 1036  0001000000110110 (  59)                 ADD   R0 R0 #-10
(302C) 1036  0001000000110110 (  60)                 ADD   R0 R0 #-10
(302D) 1D60  0001110101100000 (  61)                 ADD   R6 R5 #0
(302E) 5B60  0101101101100000 (  62)                 AND   R5 R5 #0
(302F) 4834  0100100000110100 (  63)                 JSR   DIV
(3030) 1BA0  0001101110100000 (  64)                 ADD   R5 R6 #0
(3031) 5DA0  0101110110100000 (  65)                 AND   R6 R6 #0
(3032) 5020  0101000000100000 (  82) BRANCH6         AND   R0 R0 #0
(3033) 54A0  0101010010100000 (  83)                 AND   R2 R2 #0
(3034) 5DA0  0101110110100000 (  84)                 AND   R6 R6 #0
(3035) 102D  0001000000101101 (  85)                 ADD   R0 R0 #13
(3036) 14E0  0001010011100000 (  86)                 ADD   R2 R3 #0
(3037) 4836  0100100000110110 (  87)                 JSR   MULT
(3038) 5020  0101000000100000 (  88)                 AND   R0 R0 #0
(3039) 54A0  0101010010100000 (  89)                 AND   R2 R2 #0
(303A) 1520  0001010100100000 (  90)                 ADD   R2 R4 #0
(303B) 5920  0101100100100000 (  91)                 AND   R4 R4 #0
(303C) 56E0  0101011011100000 (  92)                 AND   R3 R3 #0
(303D) 17BF  0001011110111111 (  93)                 ADD   R3 R6 #-1
(303E) 5DA0  0101110110100000 (  94)                 AND   R6 R6 #0
(303F) 103B  0001000000111011 (  95)                 ADD   R0 R0 #-5
(3040) 1CE0  0001110011100000 (  96)                 ADD   R6 R3 #0
(3041) 56E0  0101011011100000 (  97)                 AND   R3 R3 #0
(3042) 4821  0100100000100001 (  98)                 JSR   DIV
(3043) 5020  0101000000100000 (  99)                 AND   R0 R0 #0
(3044) 56E0  0101011011100000 ( 100)                 AND   R3 R3 #0
(3045) 1720  0001011100100000 ( 101)                 ADD   R3 R4 #0
(3046) 5920  0101100100100000 ( 102)                 AND   R4 R4 #0
(3047) 5DA0  0101110110100000 ( 103)                 AND   R6 R6 #0
(3048) 1D60  0001110101100000 ( 104)                 ADD   R6 R5 #0
(3049) 103C  0001000000111100 ( 105)                 ADD   R0 R0 #-4
(304A) 4819  0100100000011001 ( 106)                 JSR   DIV
(304B) 1243  0001001001000011 ( 107)                 ADD   R1 R1 R3
(304C) 56E0  0101011011100000 ( 108)                 AND   R3 R3 #0
(304D) 1244  0001001001000100 ( 109)                 ADD   R1 R1 R4
(304E) 5920  0101100100100000 ( 110)                 AND   R4 R4 #0
(304F) 5DA0  0101110110100000 ( 111)                 AND   R6 R6 #0
(3050) 1CA0  0001110010100000 ( 112)                 ADD   R6 R2 #0
(3051) 5020  0101000000100000 ( 113)                 AND   R0 R0 #0
(3052) 103C  0001000000111100 ( 114)                 ADD   R0 R0 #-4
(3053) 4810  0100100000010000 ( 115)                 JSR   DIV
(3054) 1244  0001001001000100 ( 116)                 ADD   R1 R1 R4
(3055) 1245  0001001001000101 ( 117)                 ADD   R1 R1 R5
(3056) 1482  0001010010000010 ( 118)                 ADD   R2 R2 R2
(3057) 94BF  1001010010111111 ( 119)                 NOT   R2 R2
(3058) 14A1  0001010010100001 ( 120)                 ADD   R2 R2 #1
(3059) 1242  0001001001000010 ( 121)                 ADD   R1 R1 R2
(305A) B208  1011001000001000 ( 122)                 STI   R1 TESTT
(305B) F025  1111000000100101 ( 144) BRANCH4         TRAP  x25
(305C) 31F0  0011000111110000 ( 146) MONTH           .FILL x31F0
(305D) 31F1  0011000111110001 ( 148) DATE            .FILL x31F1
(305E) 31F2  0011000111110010 ( 150) YEAR            .FILL x31F2
(305F) 31F3  0011000111110011 ( 152) DAY             .FILL x31F3
(3060) 31F4  0011000111110100 ( 154) CENTURY         .FILL x31F4
(3061) 31F5  0011000111110101 ( 156) DECADE          .FILL x31F5
(3062) 31F6  0011000111110110 ( 159) TEST            .FILL x31F6
(3063) 31F7  0011000111110111 ( 160) TESTT           .FILL x31F7
(3064) 1D80  0001110110000000 ( 168) DIV             ADD   R6 R6 R0
(3065) 1DA0  0001110110100000 ( 169) LOOP2           ADD   R6 R6 #0
(3066) 0604  0000011000000100 ( 170)                 BRZP  BRANCH7
(3067) 903F  1001000000111111 ( 171)                 NOT   R0 R0
(3068) 1021  0001000000100001 ( 172)                 ADD   R0 R0 #1
(3069) 1D80  0001110110000000 ( 173)                 ADD   R6 R6 R0
(306A) C1C0  1100000111000000 ( 174)                 RET   
(306B) 1D80  0001110110000000 ( 176) BRANCH7         ADD   R6 R6 R0
(306C) 1921  0001100100100001 ( 177)                 ADD   R4 R4 #1
(306D) 0FF7  0000111111110111 ( 179)                 BRNZP LOOP2
(306E) 1D80  0001110110000000 ( 185) MULT            ADD   R6 R6 R0
(306F) 14BF  0001010010111111 ( 186)                 ADD   R2 R2 #-1
(3070) 0403  0000010000000011 ( 187) LOOP1           BRZ   BRANCH8
(3071) 1D80  0001110110000000 ( 188)                 ADD   R6 R6 R0
(3072) 14BF  0001010010111111 ( 189)                 ADD   R2 R2 #-1
(3073) 0FFC  0000111111111100 ( 190)                 BRNZP LOOP1
(3074) C1C0  1100000111000000 ( 191) BRANCH8         RET   
(3075) 0053  0000000001010011 ( 193) DAYS            .FILL x0053
(3076) 0075  0000000001110101 ( 193)                 .FILL x0075
(3077) 006E  0000000001101110 ( 193)                 .FILL x006E
(3078) 0064  0000000001100100 ( 193)                 .FILL x0064
(3079) 0061  0000000001100001 ( 193)                 .FILL x0061
(307A) 0079  0000000001111001 ( 193)                 .FILL x0079
(307B) 0020  0000000000100000 ( 193)                 .FILL x0020
(307C) 0020  0000000000100000 ( 193)                 .FILL x0020
(307D) 0020  0000000000100000 ( 193)                 .FILL x0020
(307E) 0000  0000000000000000 ( 193)                 .FILL x0000
(307F) 004D  0000000001001101 ( 195)                 .FILL x004D
(3080) 006F  0000000001101111 ( 195)                 .FILL x006F
(3081) 006E  0000000001101110 ( 195)                 .FILL x006E
(3082) 0064  0000000001100100 ( 195)                 .FILL x0064
(3083) 0061  0000000001100001 ( 195)                 .FILL x0061
(3084) 0079  0000000001111001 ( 195)                 .FILL x0079
(3085) 0020  0000000000100000 ( 195)                 .FILL x0020
(3086) 0020  0000000000100000 ( 195)                 .FILL x0020
(3087) 0020  0000000000100000 ( 195)                 .FILL x0020
(3088) 0000  0000000000000000 ( 195)                 .FILL x0000
(3089) 0054  0000000001010100 ( 197)                 .FILL x0054
(308A) 0075  0000000001110101 ( 197)                 .FILL x0075
(308B) 0065  0000000001100101 ( 197)                 .FILL x0065
(308C) 0073  0000000001110011 ( 197)                 .FILL x0073
(308D) 0064  0000000001100100 ( 197)                 .FILL x0064
(308E) 0061  0000000001100001 ( 197)                 .FILL x0061
(308F) 0079  0000000001111001 ( 197)                 .FILL x0079
(3090) 0020  0000000000100000 ( 197)                 .FILL x0020
(3091) 0020  0000000000100000 ( 197)                 .FILL x0020
(3092) 0000  0000000000000000 ( 197)                 .FILL x0000
(3093) 0057  0000000001010111 ( 199)                 .FILL x0057
(3094) 0065  0000000001100101 ( 199)                 .FILL x0065
(3095) 0064  0000000001100100 ( 199)                 .FILL x0064
(3096) 006E  0000000001101110 ( 199)                 .FILL x006E
(3097) 0065  0000000001100101 ( 199)                 .FILL x0065
(3098) 0073  0000000001110011 ( 199)                 .FILL x0073
(3099) 0064  0000000001100100 ( 199)                 .FILL x0064
(309A) 0061  0000000001100001 ( 199)                 .FILL x0061
(309B) 0079  0000000001111001 ( 199)                 .FILL x0079
(309C) 0000  0000000000000000 ( 199)                 .FILL x0000
(309D) 0054  0000000001010100 ( 200)                 .FILL x0054
(309E) 0068  0000000001101000 ( 200)                 .FILL x0068
(309F) 0075  0000000001110101 ( 200)                 .FILL x0075
(30A0) 0072  0000000001110010 ( 200)                 .FILL x0072
(30A1) 0073  0000000001110011 ( 200)                 .FILL x0073
(30A2) 0064  0000000001100100 ( 200)                 .FILL x0064
(30A3) 0061  0000000001100001 ( 200)                 .FILL x0061
(30A4) 0079  0000000001111001 ( 200)                 .FILL x0079
(30A5) 0020  0000000000100000 ( 200)                 .FILL x0020
(30A6) 0000  0000000000000000 ( 200)                 .FILL x0000
(30A7) 0046  0000000001000110 ( 202)                 .FILL x0046
(30A8) 0072  0000000001110010 ( 202)                 .FILL x0072
(30A9) 0069  0000000001101001 ( 202)                 .FILL x0069
(30AA) 0064  0000000001100100 ( 202)                 .FILL x0064
(30AB) 0061  0000000001100001 ( 202)                 .FILL x0061
(30AC) 0079  0000000001111001 ( 202)                 .FILL x0079
(30AD) 0020  0000000000100000 ( 202)                 .FILL x0020
(30AE) 0020  0000000000100000 ( 202)                 .FILL x0020
(30AF) 0020  0000000000100000 ( 202)                 .FILL x0020
(30B0) 0000  0000000000000000 ( 202)                 .FILL x0000
(30B1) 0053  0000000001010011 ( 204)                 .FILL x0053
(30B2) 0061  0000000001100001 ( 204)                 .FILL x0061
(30B3) 0074  0000000001110100 ( 204)                 .FILL x0074
(30B4) 0075  0000000001110101 ( 204)                 .FILL x0075
(30B5) 0072  0000000001110010 ( 204)                 .FILL x0072
(30B6) 0064  0000000001100100 ( 204)                 .FILL x0064
(30B7) 0061  0000000001100001 ( 204)                 .FILL x0061
(30B8) 0079  0000000001111001 ( 204)                 .FILL x0079
(30B9) 0020  0000000000100000 ( 204)                 .FILL x0020
(30BA) 0000  0000000000000000 ( 204)                 .FILL x0000
