(0000) 3000  0011000000000000 (   2)                 .ORIG x3000
(3000) A070  1010000001110000 (   5)                 LDI   R0 MONTH
(3001) A270  1010001001110000 (   6)                 LDI   R1 DATE
(3002) A470  1010010001110000 (   7)                 LDI   R2 YEAR
(3003) 163E  0001011000111110 (  11)                 ADD   R3 R0 #-2
(3004) 0C01  0000110000000001 (  12)                 BRNZ  BRANCH1
(3005) 0E02  0000111000000010 (  14)                 BRNZP BRANCH2
(3006) 56E0  0101011011100000 (  15) BRANCH1         AND   R3 R3 #0
(3007) 162A  0001011000101010 (  16)                 ADD   R3 R0 #10
(3008) 183E  0001100000111110 (  21) BRANCH2         ADD   R4 R0 #-2
(3009) 0C12  0000110000010010 (  23)                 BRNZ  BRANCH3
(300A) 5920  0101100100100000 (  24)                 AND   R4 R4 #0
(300B) 5020  0101000000100000 (  25)                 AND   R0 R0 #0
(300C) 1036  0001000000110110 (  26)                 ADD   R0 R0 #-10
(300D) 1036  0001000000110110 (  27)                 ADD   R0 R0 #-10
(300E) 1036  0001000000110110 (  28)                 ADD   R0 R0 #-10
(300F) 1036  0001000000110110 (  29)                 ADD   R0 R0 #-10
(3010) 1036  0001000000110110 (  30)                 ADD   R0 R0 #-10
(3011) 1036  0001000000110110 (  31)                 ADD   R0 R0 #-10
(3012) 1036  0001000000110110 (  32)                 ADD   R0 R0 #-10
(3013) 1036  0001000000110110 (  33)                 ADD   R0 R0 #-10
(3014) 1036  0001000000110110 (  34)                 ADD   R0 R0 #-10
(3015) 1036  0001000000110110 (  35)                 ADD   R0 R0 #-10
(3016) 5DA0  0101110110100000 (  36)                 AND   R6 R6 #0
(3017) 1CA0  0001110010100000 (  37)                 ADD   R6 R2 #0
(3018) 4860  0100100001100000 (  38)                 JSR   DIV
(3019) 1BA0  0001101110100000 (  39)                 ADD   R5 R6 #0
(301A) 5DA0  0101110110100000 (  40)                 AND   R6 R6 #0
(301B) 0E14  0000111000010100 (  41)                 BRNZP BRANCH6
(301C) 5920  0101100100100000 (  43) BRANCH3         AND   R4 R4 #0
(301D) 1ABF  0001101010111111 (  44)                 ADD   R5 R2 #-1
(301E) 54A0  0101010010100000 (  46)                 AND   R2 R2 #0
(301F) 1420  0001010000100000 (  47)                 ADD   R2 R0 #0
(3020) 5020  0101000000100000 (  48)                 AND   R0 R0 #0
(3021) 1036  0001000000110110 (  49)                 ADD   R0 R0 #-10
(3022) 1036  0001000000110110 (  50)                 ADD   R0 R0 #-10
(3023) 1036  0001000000110110 (  51)                 ADD   R0 R0 #-10
(3024) 1036  0001000000110110 (  52)                 ADD   R0 R0 #-10
(3025) 1036  0001000000110110 (  53)                 ADD   R0 R0 #-10
(3026) 1036  0001000000110110 (  54)                 ADD   R0 R0 #-10
(3027) 1036  0001000000110110 (  55)                 ADD   R0 R0 #-10
(3028) 1036  0001000000110110 (  56)                 ADD   R0 R0 #-10
(3029) 1036  0001000000110110 (  57)                 ADD   R0 R0 #-10
(302A) 1036  0001000000110110 (  58)                 ADD   R0 R0 #-10
(302B) 1D60  0001110101100000 (  59)                 ADD   R6 R5 #0
(302C) 5B60  0101101101100000 (  60)                 AND   R5 R5 #0
(302D) 484B  0100100001001011 (  61)                 JSR   DIV
(302E) 1BA0  0001101110100000 (  62)                 ADD   R5 R6 #0
(302F) 5DA0  0101110110100000 (  63)                 AND   R6 R6 #0
(3030) 5020  0101000000100000 (  66) BRANCH6         AND   R0 R0 #0
(3031) 54A0  0101010010100000 (  67)                 AND   R2 R2 #0
(3032) 5DA0  0101110110100000 (  68)                 AND   R6 R6 #0
(3033) 102D  0001000000101101 (  69)                 ADD   R0 R0 #13
(3034) 14E0  0001010011100000 (  70)                 ADD   R2 R3 #0
(3035) 484D  0100100001001101 (  71)                 JSR   MULT
(3036) 5020  0101000000100000 (  72)                 AND   R0 R0 #0
(3037) 54A0  0101010010100000 (  73)                 AND   R2 R2 #0
(3038) 1520  0001010100100000 (  74)                 ADD   R2 R4 #0
(3039) 5920  0101100100100000 (  75)                 AND   R4 R4 #0
(303A) 56E0  0101011011100000 (  76)                 AND   R3 R3 #0
(303B) 17BF  0001011110111111 (  77)                 ADD   R3 R6 #-1
(303C) 5DA0  0101110110100000 (  78)                 AND   R6 R6 #0
(303D) 103B  0001000000111011 (  79)                 ADD   R0 R0 #-5
(303E) 1CE0  0001110011100000 (  80)                 ADD   R6 R3 #0
(303F) 56E0  0101011011100000 (  81)                 AND   R3 R3 #0
(3040) 4838  0100100000111000 (  82)                 JSR   DIV
(3041) 5020  0101000000100000 (  83)                 AND   R0 R0 #0
(3042) 56E0  0101011011100000 (  84)                 AND   R3 R3 #0
(3043) 1720  0001011100100000 (  85)                 ADD   R3 R4 #0
(3044) 5920  0101100100100000 (  86)                 AND   R4 R4 #0
(3045) 5DA0  0101110110100000 (  87)                 AND   R6 R6 #0
(3046) 1D60  0001110101100000 (  88)                 ADD   R6 R5 #0
(3047) 103C  0001000000111100 (  89)                 ADD   R0 R0 #-4
(3048) 4830  0100100000110000 (  90)                 JSR   DIV
(3049) 1243  0001001001000011 (  91)                 ADD   R1 R1 R3
(304A) 56E0  0101011011100000 (  92)                 AND   R3 R3 #0
(304B) 1244  0001001001000100 (  93)                 ADD   R1 R1 R4
(304C) 5920  0101100100100000 (  94)                 AND   R4 R4 #0
(304D) 5DA0  0101110110100000 (  95)                 AND   R6 R6 #0
(304E) 1CA0  0001110010100000 (  96)                 ADD   R6 R2 #0
(304F) 5020  0101000000100000 (  97)                 AND   R0 R0 #0
(3050) 103C  0001000000111100 (  98)                 ADD   R0 R0 #-4
(3051) 4827  0100100000100111 (  99)                 JSR   DIV
(3052) 1244  0001001001000100 ( 100)                 ADD   R1 R1 R4
(3053) 1245  0001001001000101 ( 101)                 ADD   R1 R1 R5
(3054) 1482  0001010010000010 ( 102)                 ADD   R2 R2 R2
(3055) 94BF  1001010010111111 ( 103)                 NOT   R2 R2
(3056) 14A1  0001010010100001 ( 104)                 ADD   R2 R2 #1
(3057) 1242  0001001001000010 ( 105)                 ADD   R1 R1 R2
(3058) 0609  0000011000001001 ( 107) LOOP3           BRZP  CONT
(3059) 1267  0001001001100111 ( 108) LOOP4           ADD   R1 R1 #7
(305A) 0806  0000100000000110 ( 109)                 BRN   CONT2
(305B) 5DA0  0101110110100000 ( 110)                 AND   R6 R6 #0
(305C) 5020  0101000000100000 ( 111)                 AND   R0 R0 #0
(305D) 1C60  0001110001100000 ( 112)                 ADD   R6 R1 #0
(305E) BC15  1011110000010101 ( 113)                 STI   R6 DAY
(305F) E02A  1110000000101010 ( 114)                 LEA   R0 DAYS
(3060) 0E0A  0000111000001010 ( 115)                 BRNZP LOOP
(3061) 0FF7  0000111111110111 ( 116) CONT2           BRNZP LOOP4
(3062) 5DA0  0101110110100000 ( 117) CONT            AND   R6 R6 #0
(3063) 5020  0101000000100000 ( 118)                 AND   R0 R0 #0
(3064) 1C60  0001110001100000 ( 119)                 ADD   R6 R1 #0
(3065) 1039  0001000000111001 ( 120)                 ADD   R0 R0 #-7
(3066) 4812  0100100000010010 ( 121)                 JSR   DIV
(3067) 5020  0101000000100000 ( 122)                 AND   R0 R0 #0
(3068) E021  1110000000100001 ( 123)                 LEA   R0 DAYS
(3069) 1DA0  0001110110100000 ( 124)                 ADD   R6 R6 #0
(306A) BC09  1011110000001001 ( 125)                 STI   R6 DAY
(306B) 0403  0000010000000011 ( 127) LOOP            BRZ   DISPLAY
(306C) 102A  0001000000101010 ( 128)                 ADD   R0 R0 #10
(306D) 1DBF  0001110110111111 ( 129)                 ADD   R6 R6 #-1
(306E) 0FFC  0000111111111100 ( 130)                 BRNZP LOOP
(306F) F022  1111000000100010 ( 131) DISPLAY         TRAP  x22
(3070) F025  1111000000100101 ( 133) BRANCH4         TRAP  x25
(3071) 31F0  0011000111110000 ( 135) MONTH           .FILL x31F0
(3072) 31F1  0011000111110001 ( 137) DATE            .FILL x31F1
(3073) 31F2  0011000111110010 ( 139) YEAR            .FILL x31F2
(3074) 31F3  0011000111110011 ( 141) DAY             .FILL x31F3
(3075) 31F4  0011000111110100 ( 143) CENTURY         .FILL x31F4
(3076) 31F5  0011000111110101 ( 145) DECADE          .FILL x31F5
(3077) 31F6  0011000111110110 ( 148) TEST            .FILL x31F6
(3078) 31F7  0011000111110111 ( 149) TESTT           .FILL x31F7
(3079) 1D80  0001110110000000 ( 156) DIV             ADD   R6 R6 R0
(307A) 1DA0  0001110110100000 ( 157) LOOP2           ADD   R6 R6 #0
(307B) 0604  0000011000000100 ( 158)                 BRZP  BRANCH7
(307C) 903F  1001000000111111 ( 159)                 NOT   R0 R0
(307D) 1021  0001000000100001 ( 160)                 ADD   R0 R0 #1
(307E) 1D80  0001110110000000 ( 161)                 ADD   R6 R6 R0
(307F) C1C0  1100000111000000 ( 162)                 RET   
(3080) 1D80  0001110110000000 ( 164) BRANCH7         ADD   R6 R6 R0
(3081) 1921  0001100100100001 ( 165)                 ADD   R4 R4 #1
(3082) 0FF7  0000111111110111 ( 167)                 BRNZP LOOP2
(3083) 1D80  0001110110000000 ( 173) MULT            ADD   R6 R6 R0
(3084) 14BF  0001010010111111 ( 174)                 ADD   R2 R2 #-1
(3085) 0403  0000010000000011 ( 175) LOOP1           BRZ   BRANCH8
(3086) 1D80  0001110110000000 ( 176)                 ADD   R6 R6 R0
(3087) 14BF  0001010010111111 ( 177)                 ADD   R2 R2 #-1
(3088) 0FFC  0000111111111100 ( 178)                 BRNZP LOOP1
(3089) C1C0  1100000111000000 ( 179) BRANCH8         RET   
(308A) 0053  0000000001010011 ( 181) DAYS            .FILL x0053
(308B) 0075  0000000001110101 ( 181)                 .FILL x0075
(308C) 006E  0000000001101110 ( 181)                 .FILL x006E
(308D) 0064  0000000001100100 ( 181)                 .FILL x0064
(308E) 0061  0000000001100001 ( 181)                 .FILL x0061
(308F) 0079  0000000001111001 ( 181)                 .FILL x0079
(3090) 0020  0000000000100000 ( 181)                 .FILL x0020
(3091) 0020  0000000000100000 ( 181)                 .FILL x0020
(3092) 0020  0000000000100000 ( 181)                 .FILL x0020
(3093) 0000  0000000000000000 ( 181)                 .FILL x0000
(3094) 004D  0000000001001101 ( 183)                 .FILL x004D
(3095) 006F  0000000001101111 ( 183)                 .FILL x006F
(3096) 006E  0000000001101110 ( 183)                 .FILL x006E
(3097) 0064  0000000001100100 ( 183)                 .FILL x0064
(3098) 0061  0000000001100001 ( 183)                 .FILL x0061
(3099) 0079  0000000001111001 ( 183)                 .FILL x0079
(309A) 0020  0000000000100000 ( 183)                 .FILL x0020
(309B) 0020  0000000000100000 ( 183)                 .FILL x0020
(309C) 0020  0000000000100000 ( 183)                 .FILL x0020
(309D) 0000  0000000000000000 ( 183)                 .FILL x0000
(309E) 0054  0000000001010100 ( 185)                 .FILL x0054
(309F) 0075  0000000001110101 ( 185)                 .FILL x0075
(30A0) 0065  0000000001100101 ( 185)                 .FILL x0065
(30A1) 0073  0000000001110011 ( 185)                 .FILL x0073
(30A2) 0064  0000000001100100 ( 185)                 .FILL x0064
(30A3) 0061  0000000001100001 ( 185)                 .FILL x0061
(30A4) 0079  0000000001111001 ( 185)                 .FILL x0079
(30A5) 0020  0000000000100000 ( 185)                 .FILL x0020
(30A6) 0020  0000000000100000 ( 185)                 .FILL x0020
(30A7) 0000  0000000000000000 ( 185)                 .FILL x0000
(30A8) 0057  0000000001010111 ( 187)                 .FILL x0057
(30A9) 0065  0000000001100101 ( 187)                 .FILL x0065
(30AA) 0064  0000000001100100 ( 187)                 .FILL x0064
(30AB) 006E  0000000001101110 ( 187)                 .FILL x006E
(30AC) 0065  0000000001100101 ( 187)                 .FILL x0065
(30AD) 0073  0000000001110011 ( 187)                 .FILL x0073
(30AE) 0064  0000000001100100 ( 187)                 .FILL x0064
(30AF) 0061  0000000001100001 ( 187)                 .FILL x0061
(30B0) 0079  0000000001111001 ( 187)                 .FILL x0079
(30B1) 0000  0000000000000000 ( 187)                 .FILL x0000
(30B2) 0054  0000000001010100 ( 188)                 .FILL x0054
(30B3) 0068  0000000001101000 ( 188)                 .FILL x0068
(30B4) 0075  0000000001110101 ( 188)                 .FILL x0075
(30B5) 0072  0000000001110010 ( 188)                 .FILL x0072
(30B6) 0073  0000000001110011 ( 188)                 .FILL x0073
(30B7) 0064  0000000001100100 ( 188)                 .FILL x0064
(30B8) 0061  0000000001100001 ( 188)                 .FILL x0061
(30B9) 0079  0000000001111001 ( 188)                 .FILL x0079
(30BA) 0020  0000000000100000 ( 188)                 .FILL x0020
(30BB) 0000  0000000000000000 ( 188)                 .FILL x0000
(30BC) 0046  0000000001000110 ( 190)                 .FILL x0046
(30BD) 0072  0000000001110010 ( 190)                 .FILL x0072
(30BE) 0069  0000000001101001 ( 190)                 .FILL x0069
(30BF) 0064  0000000001100100 ( 190)                 .FILL x0064
(30C0) 0061  0000000001100001 ( 190)                 .FILL x0061
(30C1) 0079  0000000001111001 ( 190)                 .FILL x0079
(30C2) 0020  0000000000100000 ( 190)                 .FILL x0020
(30C3) 0020  0000000000100000 ( 190)                 .FILL x0020
(30C4) 0020  0000000000100000 ( 190)                 .FILL x0020
(30C5) 0000  0000000000000000 ( 190)                 .FILL x0000
(30C6) 0053  0000000001010011 ( 192)                 .FILL x0053
(30C7) 0061  0000000001100001 ( 192)                 .FILL x0061
(30C8) 0074  0000000001110100 ( 192)                 .FILL x0074
(30C9) 0075  0000000001110101 ( 192)                 .FILL x0075
(30CA) 0072  0000000001110010 ( 192)                 .FILL x0072
(30CB) 0064  0000000001100100 ( 192)                 .FILL x0064
(30CC) 0061  0000000001100001 ( 192)                 .FILL x0061
(30CD) 0079  0000000001111001 ( 192)                 .FILL x0079
(30CE) 0020  0000000000100000 ( 192)                 .FILL x0020
(30CF) 0000  0000000000000000 ( 192)                 .FILL x0000
